[
  {
    "line": 2,
    "elements": [
      {
        "line": 6,
        "name": "Validate First Name field1121",
        "description": "",
        "id": "create-account-of-facebook12;validate-first-name-field1121",
        "type": "scenario",
        "keyword": "Scenario",
        "steps": [
          {
            "result": {
              "duration": 17732172851,
              "status": "passed"
            },
            "line": 7,
            "name": "User need to be on Facebook login page",
            "match": {
              "location": "TagsStepDef.user_need_to_be_on_Facebook_login_page()"
            },
            "keyword": "Given "
          },
          {
            "result": {
              "duration": 108597384,
              "error_message": "org.openqa.selenium.NoSuchElementException: no such element: Unable to locate element: {\"method\":\"xpath\",\"selector\":\"//input[@id\u003d\u0027u_0_j\u0027]\"}\n  (Session info: chrome\u003d67.0.3396.79)\n  (Driver info: chromedriver\u003d2.39.562718 (9a2698cba08cf5a471a29d30c8b3e12becabb0e9),platform\u003dWindows NT 10.0.15063 x86_64) (WARNING: The server did not provide any stacktrace information)\nCommand duration or timeout: 0 milliseconds\nFor documentation on this error, please visit: http://seleniumhq.org/exceptions/no_such_element.html\nBuild info: version: \u00273.5.2\u0027, revision: \u002710229a9\u0027, time: \u00272017-08-21T17:29:55.15Z\u0027\nSystem info: host: \u0027IN-YGHARPUR-W1\u0027, ip: \u0027192.168.56.1\u0027, os.name: \u0027Windows 8.1\u0027, os.arch: \u0027amd64\u0027, os.version: \u00276.3\u0027, java.version: \u00271.8.0_51\u0027\nDriver info: org.openqa.selenium.chrome.ChromeDriver\nCapabilities [{mobileEmulationEnabled\u003dfalse, hasTouchScreen\u003dfalse, platform\u003dWIN8_1, acceptSslCerts\u003dfalse, acceptInsecureCerts\u003dfalse, webStorageEnabled\u003dtrue, browserName\u003dchrome, takesScreenshot\u003dtrue, javascriptEnabled\u003dtrue, setWindowRect\u003dtrue, unexpectedAlertBehaviour\u003d, applicationCacheEnabled\u003dfalse, rotatable\u003dfalse, networkConnectionEnabled\u003dfalse, chrome\u003d{chromedriverVersion\u003d2.39.562718 (9a2698cba08cf5a471a29d30c8b3e12becabb0e9), userDataDir\u003dC:\\Users\\ygharpur\\AppData\\Local\\Temp\\scoped_dir7680_25155}, takesHeapSnapshot\u003dtrue, pageLoadStrategy\u003dnormal, unhandledPromptBehavior\u003d, databaseEnabled\u003dfalse, handlesAlerts\u003dtrue, version\u003d67.0.3396.79, browserConnectionEnabled\u003dfalse, nativeEvents\u003dtrue, locationContextEnabled\u003dtrue, cssSelectorsEnabled\u003dtrue}]\nSession ID: a8b9104ec995627109f45ee0a9cb9f82\n*** Element info: {Using\u003dxpath, value\u003d//input[@id\u003d\u0027u_0_j\u0027]}\r\n\tat sun.reflect.NativeConstructorAccessorImpl.newInstance0(Native Method)\r\n\tat sun.reflect.NativeConstructorAccessorImpl.newInstance(Unknown Source)\r\n\tat sun.reflect.DelegatingConstructorAccessorImpl.newInstance(Unknown Source)\r\n\tat java.lang.reflect.Constructor.newInstance(Unknown Source)\r\n\tat org.openqa.selenium.remote.ErrorHandler.createThrowable(ErrorHandler.java:215)\r\n\tat org.openqa.selenium.remote.ErrorHandler.throwIfResponseFailed(ErrorHandler.java:167)\r\n\tat org.openqa.selenium.remote.http.JsonHttpResponseCodec.reconstructValue(JsonHttpResponseCodec.java:40)\r\n\tat org.openqa.selenium.remote.http.AbstractHttpResponseCodec.decode(AbstractHttpResponseCodec.java:82)\r\n\tat org.openqa.selenium.remote.http.AbstractHttpResponseCodec.decode(AbstractHttpResponseCodec.java:45)\r\n\tat org.openqa.selenium.remote.HttpCommandExecutor.execute(HttpCommandExecutor.java:164)\r\n\tat org.openqa.selenium.remote.service.DriverCommandExecutor.execute(DriverCommandExecutor.java:82)\r\n\tat org.openqa.selenium.remote.RemoteWebDriver.execute(RemoteWebDriver.java:641)\r\n\tat org.openqa.selenium.remote.RemoteWebDriver.findElement(RemoteWebDriver.java:414)\r\n\tat org.openqa.selenium.remote.RemoteWebDriver.findElementByXPath(RemoteWebDriver.java:513)\r\n\tat org.openqa.selenium.By$ByXPath.findElement(By.java:361)\r\n\tat org.openqa.selenium.remote.RemoteWebDriver.findElement(RemoteWebDriver.java:406)\r\n\tat com.radical.basic.tagsSD.TagsStepDef.user_enters_user_first_name(TagsStepDef.java:29)\r\n\tat ✽.When User enters user \"David\" first name(TagsnFF.feature:8)\r\n",
              "status": "failed"
            },
            "line": 8,
            "name": "User enters user \"David\" first name",
            "match": {
              "arguments": [
                {
                  "val": "David",
                  "offset": 18
                }
              ],
              "location": "TagsStepDef.user_enters_user_first_name(String)"
            },
            "keyword": "When "
          },
          {
            "result": {
              "status": "skipped"
            },
            "line": 9,
            "name": "User checks user \"David\" first name is present",
            "match": {
              "arguments": [
                {
                  "val": "David",
                  "offset": 18
                }
              ],
              "location": "TagsStepDef.user_checks_user_first_name_is_present(String)"
            },
            "keyword": "Then "
          },
          {
            "result": {
              "status": "skipped"
            },
            "line": 10,
            "name": "close browser",
            "match": {
              "location": "TagsStepDef.close_browser()"
            },
            "keyword": "Then "
          }
        ],
        "tags": [
          {
            "line": 5,
            "name": "@Smoke"
          }
        ]
      },
      {
        "line": 14,
        "name": "Validate create user multiple fields2122",
        "description": "",
        "id": "create-account-of-facebook12;validate-create-user-multiple-fields2122",
        "type": "scenario",
        "keyword": "Scenario",
        "steps": [
          {
            "result": {
              "duration": 15886040232,
              "status": "passed"
            },
            "line": 15,
            "name": "User need to be on Facebook login page",
            "match": {
              "location": "TagsStepDef.user_need_to_be_on_Facebook_login_page()"
            },
            "keyword": "Given "
          },
          {
            "result": {
              "duration": 250780732,
              "error_message": "org.openqa.selenium.NoSuchElementException: no such element: Unable to locate element: {\"method\":\"xpath\",\"selector\":\"//input[@id\u003d\u0027u_0_j\u0027]\"}\n  (Session info: chrome\u003d67.0.3396.79)\n  (Driver info: chromedriver\u003d2.39.562718 (9a2698cba08cf5a471a29d30c8b3e12becabb0e9),platform\u003dWindows NT 10.0.15063 x86_64) (WARNING: The server did not provide any stacktrace information)\nCommand duration or timeout: 0 milliseconds\nFor documentation on this error, please visit: http://seleniumhq.org/exceptions/no_such_element.html\nBuild info: version: \u00273.5.2\u0027, revision: \u002710229a9\u0027, time: \u00272017-08-21T17:29:55.15Z\u0027\nSystem info: host: \u0027IN-YGHARPUR-W1\u0027, ip: \u0027192.168.56.1\u0027, os.name: \u0027Windows 8.1\u0027, os.arch: \u0027amd64\u0027, os.version: \u00276.3\u0027, java.version: \u00271.8.0_51\u0027\nDriver info: org.openqa.selenium.chrome.ChromeDriver\nCapabilities [{mobileEmulationEnabled\u003dfalse, hasTouchScreen\u003dfalse, platform\u003dWIN8_1, acceptSslCerts\u003dfalse, acceptInsecureCerts\u003dfalse, webStorageEnabled\u003dtrue, browserName\u003dchrome, takesScreenshot\u003dtrue, javascriptEnabled\u003dtrue, setWindowRect\u003dtrue, unexpectedAlertBehaviour\u003d, applicationCacheEnabled\u003dfalse, rotatable\u003dfalse, networkConnectionEnabled\u003dfalse, chrome\u003d{chromedriverVersion\u003d2.39.562718 (9a2698cba08cf5a471a29d30c8b3e12becabb0e9), userDataDir\u003dC:\\Users\\ygharpur\\AppData\\Local\\Temp\\scoped_dir40712_20996}, takesHeapSnapshot\u003dtrue, pageLoadStrategy\u003dnormal, unhandledPromptBehavior\u003d, databaseEnabled\u003dfalse, handlesAlerts\u003dtrue, version\u003d67.0.3396.79, browserConnectionEnabled\u003dfalse, nativeEvents\u003dtrue, locationContextEnabled\u003dtrue, cssSelectorsEnabled\u003dtrue}]\nSession ID: 6fac4ecd23d907aa22b2573b62cd3e2f\n*** Element info: {Using\u003dxpath, value\u003d//input[@id\u003d\u0027u_0_j\u0027]}\r\n\tat sun.reflect.NativeConstructorAccessorImpl.newInstance0(Native Method)\r\n\tat sun.reflect.NativeConstructorAccessorImpl.newInstance(Unknown Source)\r\n\tat sun.reflect.DelegatingConstructorAccessorImpl.newInstance(Unknown Source)\r\n\tat java.lang.reflect.Constructor.newInstance(Unknown Source)\r\n\tat org.openqa.selenium.remote.ErrorHandler.createThrowable(ErrorHandler.java:215)\r\n\tat org.openqa.selenium.remote.ErrorHandler.throwIfResponseFailed(ErrorHandler.java:167)\r\n\tat org.openqa.selenium.remote.http.JsonHttpResponseCodec.reconstructValue(JsonHttpResponseCodec.java:40)\r\n\tat org.openqa.selenium.remote.http.AbstractHttpResponseCodec.decode(AbstractHttpResponseCodec.java:82)\r\n\tat org.openqa.selenium.remote.http.AbstractHttpResponseCodec.decode(AbstractHttpResponseCodec.java:45)\r\n\tat org.openqa.selenium.remote.HttpCommandExecutor.execute(HttpCommandExecutor.java:164)\r\n\tat org.openqa.selenium.remote.service.DriverCommandExecutor.execute(DriverCommandExecutor.java:82)\r\n\tat org.openqa.selenium.remote.RemoteWebDriver.execute(RemoteWebDriver.java:641)\r\n\tat org.openqa.selenium.remote.RemoteWebDriver.findElement(RemoteWebDriver.java:414)\r\n\tat org.openqa.selenium.remote.RemoteWebDriver.findElementByXPath(RemoteWebDriver.java:513)\r\n\tat org.openqa.selenium.By$ByXPath.findElement(By.java:361)\r\n\tat org.openqa.selenium.remote.RemoteWebDriver.findElement(RemoteWebDriver.java:406)\r\n\tat com.radical.basic.tagsSD.TagsStepDef.user_enters_user_first_name(TagsStepDef.java:29)\r\n\tat ✽.When User enters user \"Ryan\" first name(TagsnFF.feature:16)\r\n",
              "status": "failed"
            },
            "line": 16,
            "name": "User enters user \"Ryan\" first name",
            "match": {
              "arguments": [
                {
                  "val": "Ryan",
                  "offset": 18
                }
              ],
              "location": "TagsStepDef.user_enters_user_first_name(String)"
            },
            "keyword": "When "
          },
          {
            "result": {
              "status": "skipped"
            },
            "line": 17,
            "name": "User enters user \"Jack\" surname",
            "match": {
              "arguments": [
                {
                  "val": "Jack",
                  "offset": 18
                }
              ],
              "location": "TagsStepDef.user_enters_user_surname(String)"
            },
            "keyword": "And "
          },
          {
            "result": {
              "status": "skipped"
            },
            "line": 18,
            "name": "User checks user \"Ryan\" first name is present",
            "match": {
              "arguments": [
                {
                  "val": "Ryan",
                  "offset": 18
                }
              ],
              "location": "TagsStepDef.user_checks_user_first_name_is_present(String)"
            },
            "keyword": "Then "
          },
          {
            "result": {
              "status": "skipped"
            },
            "line": 19,
            "name": "User Mobile field should be blank",
            "match": {
              "location": "TagsStepDef.user_Mobile_field_should_be_blank()"
            },
            "keyword": "Then "
          },
          {
            "result": {
              "status": "skipped"
            },
            "line": 20,
            "name": "close browser",
            "match": {
              "location": "TagsStepDef.close_browser()"
            },
            "keyword": "Then "
          }
        ],
        "tags": [
          {
            "line": 13,
            "name": "@Smoke"
          },
          {
            "line": 13,
            "name": "@Regression"
          }
        ]
      },
      {
        "line": 39,
        "name": "Validate First Name field5125",
        "description": "",
        "id": "create-account-of-facebook12;validate-first-name-field5125",
        "type": "scenario",
        "keyword": "Scenario",
        "steps": [
          {
            "result": {
              "duration": 12312692518,
              "error_message": "org.openqa.selenium.SessionNotCreatedException: session not created exception\nfrom disconnected: received Inspector.detached event\n  (Session info: chrome\u003d67.0.3396.79)\n  (Driver info: chromedriver\u003d2.39.562718 (9a2698cba08cf5a471a29d30c8b3e12becabb0e9),platform\u003dWindows NT 10.0.15063 x86_64) (WARNING: The server did not provide any stacktrace information)\nCommand duration or timeout: 10.54 seconds\nBuild info: version: \u00273.5.2\u0027, revision: \u002710229a9\u0027, time: \u00272017-08-21T17:29:55.15Z\u0027\nSystem info: host: \u0027IN-YGHARPUR-W1\u0027, ip: \u0027192.168.56.1\u0027, os.name: \u0027Windows 8.1\u0027, os.arch: \u0027amd64\u0027, os.version: \u00276.3\u0027, java.version: \u00271.8.0_51\u0027\nDriver info: driver.version: ChromeDriver\r\n\tat sun.reflect.NativeConstructorAccessorImpl.newInstance0(Native Method)\r\n\tat sun.reflect.NativeConstructorAccessorImpl.newInstance(Unknown Source)\r\n\tat sun.reflect.DelegatingConstructorAccessorImpl.newInstance(Unknown Source)\r\n\tat java.lang.reflect.Constructor.newInstance(Unknown Source)\r\n\tat org.openqa.selenium.remote.ErrorHandler.createThrowable(ErrorHandler.java:215)\r\n\tat org.openqa.selenium.remote.ErrorHandler.throwIfResponseFailed(ErrorHandler.java:167)\r\n\tat org.openqa.selenium.remote.JsonWireProtocolResponse.lambda$new$0(JsonWireProtocolResponse.java:53)\r\n\tat org.openqa.selenium.remote.JsonWireProtocolResponse$$Lambda$84/1278616846.apply(Unknown Source)\r\n\tat org.openqa.selenium.remote.JsonWireProtocolResponse.lambda$getResponseFunction$2(JsonWireProtocolResponse.java:91)\r\n\tat org.openqa.selenium.remote.JsonWireProtocolResponse$$Lambda$86/1240843015.apply(Unknown Source)\r\n\tat org.openqa.selenium.remote.ProtocolHandshake.lambda$createSession$24(ProtocolHandshake.java:359)\r\n\tat org.openqa.selenium.remote.ProtocolHandshake$$Lambda$93/903268937.apply(Unknown Source)\r\n\tat java.util.stream.ReferencePipeline$3$1.accept(Unknown Source)\r\n\tat java.util.Spliterators$ArraySpliterator.tryAdvance(Unknown Source)\r\n\tat java.util.stream.ReferencePipeline.forEachWithCancel(Unknown Source)\r\n\tat java.util.stream.AbstractPipeline.copyIntoWithCancel(Unknown Source)\r\n\tat java.util.stream.AbstractPipeline.copyInto(Unknown Source)\r\n\tat java.util.stream.AbstractPipeline.wrapAndCopyInto(Unknown Source)\r\n\tat java.util.stream.FindOps$FindOp.evaluateSequential(Unknown Source)\r\n\tat java.util.stream.AbstractPipeline.evaluate(Unknown Source)\r\n\tat java.util.stream.ReferencePipeline.findFirst(Unknown Source)\r\n\tat org.openqa.selenium.remote.ProtocolHandshake.createSession(ProtocolHandshake.java:362)\r\n\tat org.openqa.selenium.remote.ProtocolHandshake.createSession(ProtocolHandshake.java:136)\r\n\tat org.openqa.selenium.remote.HttpCommandExecutor.execute(HttpCommandExecutor.java:142)\r\n\tat org.openqa.selenium.remote.service.DriverCommandExecutor.execute(DriverCommandExecutor.java:82)\r\n\tat org.openqa.selenium.remote.RemoteWebDriver.execute(RemoteWebDriver.java:641)\r\n\tat org.openqa.selenium.remote.RemoteWebDriver.startSession(RemoteWebDriver.java:254)\r\n\tat org.openqa.selenium.remote.RemoteWebDriver.startSession(RemoteWebDriver.java:236)\r\n\tat org.openqa.selenium.remote.RemoteWebDriver.\u003cinit\u003e(RemoteWebDriver.java:137)\r\n\tat org.openqa.selenium.chrome.ChromeDriver.\u003cinit\u003e(ChromeDriver.java:178)\r\n\tat org.openqa.selenium.chrome.ChromeDriver.\u003cinit\u003e(ChromeDriver.java:167)\r\n\tat org.openqa.selenium.chrome.ChromeDriver.\u003cinit\u003e(ChromeDriver.java:124)\r\n\tat com.radical.basic.tagsSD.TagsStepDef.user_need_to_be_on_Facebook_login_page(TagsStepDef.java:23)\r\n\tat ✽.Given User need to be on Facebook login page(TagsnFF.feature:40)\r\n",
              "status": "failed"
            },
            "line": 40,
            "name": "User need to be on Facebook login page",
            "match": {
              "location": "TagsStepDef.user_need_to_be_on_Facebook_login_page()"
            },
            "keyword": "Given "
          },
          {
            "result": {
              "status": "skipped"
            },
            "line": 41,
            "name": "User enters user \"David\" first name",
            "match": {
              "arguments": [
                {
                  "val": "David",
                  "offset": 18
                }
              ],
              "location": "TagsStepDef.user_enters_user_first_name(String)"
            },
            "keyword": "When "
          },
          {
            "result": {
              "status": "skipped"
            },
            "line": 42,
            "name": "User checks user \"David\" first name is present",
            "match": {
              "arguments": [
                {
                  "val": "David",
                  "offset": 18
                }
              ],
              "location": "TagsStepDef.user_checks_user_first_name_is_present(String)"
            },
            "keyword": "Then "
          },
          {
            "result": {
              "status": "skipped"
            },
            "line": 43,
            "name": "close browser",
            "match": {
              "location": "TagsStepDef.close_browser()"
            },
            "keyword": "Then "
          }
        ],
        "tags": [
          {
            "line": 38,
            "name": "@Smoke"
          }
        ]
      }
    ],
    "name": "Create account of Facebook12",
    "description": "As a user u need to open facebook home page and do the validations",
    "id": "create-account-of-facebook12",
    "keyword": "Feature",
    "uri": "TagsnFF.feature",
    "tags": [
      {
        "line": 1,
        "name": "@Important"
      }
    ]
  }
]